# Test script 06 - FAILURE
Write-Host "[TEST 06] Starting test script 06..."
Write-Host "[TEST 06] Testing registry access..."
Write-Host "[TEST 06] ERROR: Registry key not found!"
Write-Host "[TEST 06] Test 06 FAILED!"
exit 1